Exporter version: 5.6.4, Blender version: 2.79 (sub 0)
========= Conversion from Blender to Babylon.js =========
	Scene settings used :
		export scope        :  ALL
		inline textures     :  false
		Positions Precision :  4
		Normals Precision   :  3
		UVs Precision       :  3
		Vert Color Precision:  3
		Mat Weight Precision:  2
		texture directory   :  C:\Users\Juan\Downloads\
	Python World class constructor completed
	WARNING: No active camera has been assigned, or is not in a currently selected Blender layer
	processing begun of mesh:  dead_tree.001
		processing begun of Standard material:  wood_3_mat
		num positions      :  365
		num normals        :  365
		num uvs            :  730
		num uvs2           :  0
		num colors         :  0
		num indices        :  780
	processing begun of light (POINT):  Point.006
	processing begun of light (POINT):  Point.005
	processing begun of light (POINT):  Point.003
	processing begun of light (POINT):  Point.001
	processing begun of light (POINT):  Point
	processing begun of light (SUN):  Sun
========= Writing of scene file started =========
========= Writing of scene file completed =========
========= end of processing =========
elapsed time:  0 min, 0.0589 secs
